This is pdfTeX, Version 3.141592653-2.6-1.40.24 (TeX Live 2022/Debian) (preloaded format=pdflatex 2023.5.31)  14 JUL 2023 16:24
entering extended mode
 restricted \write18 enabled.
 %&-line parsing enabled.
**main.tex
(./main.tex
LaTeX2e <2022-11-01> patch level 1
L3 programming layer <2023-01-16> (./easychair.cls
easychair class style, by Serguei A. Mokhov and Andrei Voronkov <10 December 20
15>
CVS Revision: $Id: easychair.cls,v 3.4 2017/03/26 09:52 voronkov Exp $
Designed for easyChair.org, under guidelines and suggestions of
             Andrei Voronkov <www.voronkov.com>, and
             Geoff Sutcliffe <www.cs.miami.edu/^geoff>
Copyright terms are that of easychair.org
For bug reports, please contact <andrei@voronkov.com>
Document Class: easychair 2017/03/26 v3.5
(/usr/share/texlive/texmf-dist/tex/latex/xcolor/xcolor.sty
Package: xcolor 2022/06/12 v2.14 LaTeX color extensions (UK)

(/usr/share/texlive/texmf-dist/tex/latex/graphics-cfg/color.cfg
File: color.cfg 2016/01/02 v1.6 sample color configuration
)
Package xcolor Info: Driver file: pdftex.def on input line 227.

(/usr/share/texlive/texmf-dist/tex/latex/graphics-def/pdftex.def
File: pdftex.def 2022/09/22 v1.2b Graphics/color driver for pdftex
)
(/usr/share/texlive/texmf-dist/tex/latex/graphics/mathcolor.ltx)
Package xcolor Info: Model `cmy' substituted by `cmy0' on input line 1353.
Package xcolor Info: Model `hsb' substituted by `rgb' on input line 1357.
Package xcolor Info: Model `RGB' extended on input line 1369.
Package xcolor Info: Model `HTML' substituted by `rgb' on input line 1371.
Package xcolor Info: Model `Hsb' substituted by `hsb' on input line 1372.
Package xcolor Info: Model `tHsb' substituted by `hsb' on input line 1373.
Package xcolor Info: Model `HSB' substituted by `hsb' on input line 1374.
Package xcolor Info: Model `Gray' substituted by `gray' on input line 1375.
Package xcolor Info: Model `wave' substituted by `hsb' on input line 1376.
)
\c@@inst=\count185
\c@@auth=\count186
\c@auco=\count187
\instindent=\dimen140
\@LMarginSize=\skip48
\@RMarginSize=\skip49
\@TMarginSize=\skip50
\@BMarginSize=\skip51

(/usr/share/texlive/texmf-dist/tex/latex/base/article.cls
Document Class: article 2022/07/02 v1.4n Standard LaTeX document class
(/usr/share/texlive/texmf-dist/tex/latex/base/size10.clo
File: size10.clo 2022/07/02 v1.4n Standard LaTeX file (size option)
)
\c@part=\count188
\c@section=\count189
\c@subsection=\count190
\c@subsubsection=\count191
\c@paragraph=\count192
\c@subparagraph=\count193
\c@figure=\count194
\c@table=\count195
\abovecaptionskip=\skip52
\belowcaptionskip=\skip53
\bibindent=\dimen141
)
(/usr/share/texlive/texmf-dist/tex/latex/footmisc/footmisc.sty
Package: footmisc 2022/03/08 v6.0d a miscellany of footnote facilities
\FN@temptoken=\toks16
\footnotemargin=\dimen142
\@outputbox@depth=\dimen143
Package footmisc Info: Declaring symbol style bringhurst on input line 695.
Package footmisc Info: Declaring symbol style chicago on input line 703.
Package footmisc Info: Declaring symbol style wiley on input line 712.
Package footmisc Info: Declaring symbol style lamport-robust on input line 723.

Package footmisc Info: Declaring symbol style lamport* on input line 743.
Package footmisc Info: Declaring symbol style lamport*-robust on input line 764
.
)
(/usr/share/texlive/texmf-dist/tex/latex/hyperref/hyperref.sty
Package: hyperref 2022-11-13 v7.00u Hypertext links for LaTeX

(/usr/share/texlive/texmf-dist/tex/generic/ltxcmds/ltxcmds.sty
Package: ltxcmds 2020-05-10 v1.25 LaTeX kernel commands for general use (HO)
)
(/usr/share/texlive/texmf-dist/tex/generic/iftex/iftex.sty
Package: iftex 2022/02/03 v1.0f TeX engine tests
)
(/usr/share/texlive/texmf-dist/tex/generic/pdftexcmds/pdftexcmds.sty
Package: pdftexcmds 2020-06-27 v0.33 Utility functions of pdfTeX for LuaTeX (HO
)

(/usr/share/texlive/texmf-dist/tex/generic/infwarerr/infwarerr.sty
Package: infwarerr 2019/12/03 v1.5 Providing info/warning/error messages (HO)
)
Package pdftexcmds Info: \pdf@primitive is available.
Package pdftexcmds Info: \pdf@ifprimitive is available.
Package pdftexcmds Info: \pdfdraftmode found.
)
(/usr/share/texlive/texmf-dist/tex/latex/graphics/keyval.sty
Package: keyval 2022/05/29 v1.15 key=value parser (DPC)
\KV@toks@=\toks17
)
(/usr/share/texlive/texmf-dist/tex/latex/kvsetkeys/kvsetkeys.sty
Package: kvsetkeys 2022-10-05 v1.19 Key value parser (HO)
)
(/usr/share/texlive/texmf-dist/tex/generic/kvdefinekeys/kvdefinekeys.sty
Package: kvdefinekeys 2019-12-19 v1.6 Define keys (HO)
)
(/usr/share/texlive/texmf-dist/tex/generic/pdfescape/pdfescape.sty
Package: pdfescape 2019/12/09 v1.15 Implements pdfTeX's escape features (HO)
)
(/usr/share/texlive/texmf-dist/tex/latex/hycolor/hycolor.sty
Package: hycolor 2020-01-27 v1.10 Color options for hyperref/bookmark (HO)
)
(/usr/share/texlive/texmf-dist/tex/latex/letltxmacro/letltxmacro.sty
Package: letltxmacro 2019/12/03 v1.6 Let assignment for LaTeX macros (HO)
)
(/usr/share/texlive/texmf-dist/tex/latex/auxhook/auxhook.sty
Package: auxhook 2019-12-17 v1.6 Hooks for auxiliary files (HO)
)
(/usr/share/texlive/texmf-dist/tex/latex/hyperref/nameref.sty
Package: nameref 2022-05-17 v2.50 Cross-referencing by name of section

(/usr/share/texlive/texmf-dist/tex/latex/refcount/refcount.sty
Package: refcount 2019/12/15 v3.6 Data extraction from label references (HO)
)
(/usr/share/texlive/texmf-dist/tex/generic/gettitlestring/gettitlestring.sty
Package: gettitlestring 2019/12/15 v1.6 Cleanup title references (HO)

(/usr/share/texlive/texmf-dist/tex/latex/kvoptions/kvoptions.sty
Package: kvoptions 2022-06-15 v3.15 Key value format for package options (HO)
))
\c@section@level=\count196
)
\@linkdim=\dimen144
\Hy@linkcounter=\count197
\Hy@pagecounter=\count198

(/usr/share/texlive/texmf-dist/tex/latex/hyperref/pd1enc.def
File: pd1enc.def 2022-11-13 v7.00u Hyperref: PDFDocEncoding definition (HO)
Now handling font encoding PD1 ...
... no UTF-8 mapping file for font encoding PD1
)
(/usr/share/texlive/texmf-dist/tex/generic/intcalc/intcalc.sty
Package: intcalc 2019/12/15 v1.3 Expandable calculations with integers (HO)
)
(/usr/share/texlive/texmf-dist/tex/generic/etexcmds/etexcmds.sty
Package: etexcmds 2019/12/15 v1.7 Avoid name clashes with e-TeX commands (HO)
)
\Hy@SavedSpaceFactor=\count199

(/usr/share/texlive/texmf-dist/tex/latex/hyperref/puenc.def
File: puenc.def 2022-11-13 v7.00u Hyperref: PDF Unicode definition (HO)
Now handling font encoding PU ...
... no UTF-8 mapping file for font encoding PU
)
Package hyperref Info: Option `linktocpage' set `true' on input line 4045.
Package hyperref Info: Option `colorlinks' set `true' on input line 4045.
Package hyperref Info: Hyper figures OFF on input line 4162.
Package hyperref Info: Link nesting OFF on input line 4167.
Package hyperref Info: Hyper index ON on input line 4170.
Package hyperref Info: Plain pages OFF on input line 4177.
Package hyperref Info: Backreferencing OFF on input line 4182.
Package hyperref Info: Implicit mode ON; LaTeX internals redefined.
Package hyperref Info: Bookmarks ON on input line 4410.
\c@Hy@tempcnt=\count266

(/usr/share/texlive/texmf-dist/tex/latex/url/url.sty
\Urlmuskip=\muskip16
Package: url 2013/09/16  ver 3.4  Verb mode for urls, etc.
)
LaTeX Info: Redefining \url on input line 4748.
\XeTeXLinkMargin=\dimen145

(/usr/share/texlive/texmf-dist/tex/generic/bitset/bitset.sty
Package: bitset 2019/12/09 v1.3 Handle bit-vector datatype (HO)

(/usr/share/texlive/texmf-dist/tex/generic/bigintcalc/bigintcalc.sty
Package: bigintcalc 2019/12/15 v1.5 Expandable calculations on big integers (HO
)
))
\Fld@menulength=\count267
\Field@Width=\dimen146
\Fld@charsize=\dimen147
Package hyperref Info: Hyper figures OFF on input line 6027.
Package hyperref Info: Link nesting OFF on input line 6032.
Package hyperref Info: Hyper index ON on input line 6035.
Package hyperref Info: backreferencing OFF on input line 6042.
Package hyperref Info: Link coloring ON on input line 6045.
Package hyperref Info: Link coloring with OCG OFF on input line 6052.
Package hyperref Info: PDF/A mode OFF on input line 6057.

(/usr/share/texlive/texmf-dist/tex/latex/base/atbegshi-ltx.sty
Package: atbegshi-ltx 2021/01/10 v1.0c Emulation of the original atbegshi
package with kernel methods
)
\Hy@abspage=\count268
\c@Item=\count269
\c@Hfootnote=\count270
)
Package hyperref Info: Driver (autodetected): hpdftex.

(/usr/share/texlive/texmf-dist/tex/latex/hyperref/hpdftex.def
File: hpdftex.def 2022-11-13 v7.00u Hyperref driver for pdfTeX

(/usr/share/texlive/texmf-dist/tex/latex/base/atveryend-ltx.sty
Package: atveryend-ltx 2020/08/19 v1.0a Emulation of the original atveryend pac
kage
with kernel methods
)
\Fld@listcount=\count271
\c@bookmark@seq@number=\count272

(/usr/share/texlive/texmf-dist/tex/latex/rerunfilecheck/rerunfilecheck.sty
Package: rerunfilecheck 2022-07-10 v1.10 Rerun checks for auxiliary files (HO)

(/usr/share/texlive/texmf-dist/tex/generic/uniquecounter/uniquecounter.sty
Package: uniquecounter 2019/12/15 v1.4 Provide unlimited unique counter (HO)
)
Package uniquecounter Info: New unique counter `rerunfilecheck' on input line 2
85.
)
\Hy@SectionHShift=\skip54
)
(/usr/share/texlive/texmf-dist/tex/latex/graphics/graphicx.sty
Package: graphicx 2021/09/16 v1.2d Enhanced LaTeX Graphics (DPC,SPQR)

(/usr/share/texlive/texmf-dist/tex/latex/graphics/graphics.sty
Package: graphics 2022/03/10 v1.4e Standard LaTeX Graphics (DPC,SPQR)

(/usr/share/texlive/texmf-dist/tex/latex/graphics/trig.sty
Package: trig 2021/08/11 v1.11 sin cos tan (DPC)
)
(/usr/share/texlive/texmf-dist/tex/latex/graphics-cfg/graphics.cfg
File: graphics.cfg 2016/06/04 v1.11 sample graphics configuration
)
Package graphics Info: Driver file: pdftex.def on input line 107.
)
\Gin@req@height=\dimen148
\Gin@req@width=\dimen149
)
(/usr/share/texlive/texmf-dist/tex/latex/listings/listings.sty
\lst@mode=\count273
\lst@gtempboxa=\box51
\lst@token=\toks18
\lst@length=\count274
\lst@currlwidth=\dimen150
\lst@column=\count275
\lst@pos=\count276
\lst@lostspace=\dimen151
\lst@width=\dimen152
\lst@newlines=\count277
\lst@lineno=\count278
\lst@maxwidth=\dimen153

(/usr/share/texlive/texmf-dist/tex/latex/listings/lstmisc.sty
File: lstmisc.sty 2020/03/24 1.8d (Carsten Heinz)
\c@lstnumber=\count279
\lst@skipnumbers=\count280
\lst@framebox=\box52
)
(/usr/share/texlive/texmf-dist/tex/latex/listings/listings.cfg
File: listings.cfg 2020/03/24 1.8d listings configuration
))
Package: listings 2020/03/24 1.8d (Carsten Heinz)

(/usr/share/texlive/texmf-dist/tex/latex/base/latexsym.sty
Package: latexsym 1998/08/17 v2.2e Standard LaTeX package (lasy symbols)
\symlasy=\mathgroup4
LaTeX Font Info:    Overwriting symbol font `lasy' in version `bold'
(Font)                  U/lasy/m/n --> U/lasy/b/n on input line 52.
)
(/usr/share/texlive/texmf-dist/tex/latex/amscls/amsthm.sty
Package: amsthm 2020/05/29 v2.20.6
\thm@style=\toks19
\thm@bodyfont=\toks20
\thm@headfont=\toks21
\thm@notefont=\toks22
\thm@headpunct=\toks23
\thm@preskip=\skip55
\thm@postskip=\skip56
\thm@headsep=\skip57
\dth@everypar=\toks24
)
(/usr/share/texlive/texmf-dist/tex/latex/mathtools/empheq.sty
Package: empheq 2017/03/31 v2.15 Emphasizing equations

(/usr/share/texlive/texmf-dist/tex/latex/mathtools/mhsetup.sty
Package: mhsetup 2021/03/18 v1.4 programming setup (MH)
)
(/usr/share/texlive/texmf-dist/tex/latex/mathtools/mathtools.sty
Package: mathtools 2022/06/29 v1.29 mathematical typesetting tools

(/usr/share/texlive/texmf-dist/tex/latex/tools/calc.sty
Package: calc 2017/05/25 v4.3 Infix arithmetic (KKT,FJ)
\calc@Acount=\count281
\calc@Bcount=\count282
\calc@Adimen=\dimen154
\calc@Bdimen=\dimen155
\calc@Askip=\skip58
\calc@Bskip=\skip59
LaTeX Info: Redefining \setlength on input line 80.
LaTeX Info: Redefining \addtolength on input line 81.
\calc@Ccount=\count283
\calc@Cskip=\skip60
)
(/usr/share/texlive/texmf-dist/tex/latex/amsmath/amsmath.sty
Package: amsmath 2022/04/08 v2.17n AMS math features
\@mathmargin=\skip61

For additional information on amsmath, use the `?' option.
(/usr/share/texlive/texmf-dist/tex/latex/amsmath/amstext.sty
Package: amstext 2021/08/26 v2.01 AMS text

(/usr/share/texlive/texmf-dist/tex/latex/amsmath/amsgen.sty
File: amsgen.sty 1999/11/30 v2.0 generic functions
\@emptytoks=\toks25
\ex@=\dimen156
))
(/usr/share/texlive/texmf-dist/tex/latex/amsmath/amsbsy.sty
Package: amsbsy 1999/11/29 v1.2d Bold Symbols
\pmbraise@=\dimen157
)
(/usr/share/texlive/texmf-dist/tex/latex/amsmath/amsopn.sty
Package: amsopn 2022/04/08 v2.04 operator names
)
\inf@bad=\count284
LaTeX Info: Redefining \frac on input line 234.
\uproot@=\count285
\leftroot@=\count286
LaTeX Info: Redefining \overline on input line 399.
LaTeX Info: Redefining \colon on input line 410.
\classnum@=\count287
\DOTSCASE@=\count288
LaTeX Info: Redefining \ldots on input line 496.
LaTeX Info: Redefining \dots on input line 499.
LaTeX Info: Redefining \cdots on input line 620.
\Mathstrutbox@=\box53
\strutbox@=\box54
LaTeX Info: Redefining \big on input line 722.
LaTeX Info: Redefining \Big on input line 723.
LaTeX Info: Redefining \bigg on input line 724.
LaTeX Info: Redefining \Bigg on input line 725.
\big@size=\dimen158
LaTeX Font Info:    Redeclaring font encoding OML on input line 743.
LaTeX Font Info:    Redeclaring font encoding OMS on input line 744.
\macc@depth=\count289
LaTeX Info: Redefining \bmod on input line 905.
LaTeX Info: Redefining \pmod on input line 910.
LaTeX Info: Redefining \smash on input line 940.
LaTeX Info: Redefining \relbar on input line 970.
LaTeX Info: Redefining \Relbar on input line 971.
\c@MaxMatrixCols=\count290
\dotsspace@=\muskip17
\c@parentequation=\count291
\dspbrk@lvl=\count292
\tag@help=\toks26
\row@=\count293
\column@=\count294
\maxfields@=\count295
\andhelp@=\toks27
\eqnshift@=\dimen159
\alignsep@=\dimen160
\tagshift@=\dimen161
\tagwidth@=\dimen162
\totwidth@=\dimen163
\lineht@=\dimen164
\@envbody=\toks28
\multlinegap=\skip62
\multlinetaggap=\skip63
\mathdisplay@stack=\toks29
LaTeX Info: Redefining \[ on input line 2953.
LaTeX Info: Redefining \] on input line 2954.
)
\g_MT_multlinerow_int=\count296
\l_MT_multwidth_dim=\dimen165
\origjot=\skip64
\l_MT_shortvdotswithinadjustabove_dim=\dimen166
\l_MT_shortvdotswithinadjustbelow_dim=\dimen167
\l_MT_above_intertext_sep=\dimen168
\l_MT_below_intertext_sep=\dimen169
\l_MT_above_shortintertext_sep=\dimen170
\l_MT_below_shortintertext_sep=\dimen171
\xmathstrut@box=\box55
\xmathstrut@dim=\dimen172
)
\l_EQ_equationtype_int=\count297
\l_EQ_alignmentmode_int=\count298
\l_EQ_totalwidth_dim=\dimen173
\l_EQ_displaywidth_dim=\dimen174
\l_EQ_temp_linewidth_dim=\dimen175
\l_EQ_linewidth_dim=\dimen176
\EmphEqdelimitershortfall=\dimen177
\EmphEqdelimiterfactor=\count299
\g_EQ_toptag_height_dim=\dimen178
\g_EQ_bottomtag_depth_dim=\dimen179
\g_EQ_toprow_height_dim=\dimen180
\g_EQ_bottomrow_depth_dim=\dimen181
\g_EQ_widesttag_dim=\dimen182
\EQ_mathdisplay_box=\box56
\EQ_tag_box=\box57
\g_EQ_temprow_int=\count300
)
\@MarginSize=\skip65

easychair: Selecting letter paper margin sizes.
(/usr/share/texlive/texmf-dist/tex/latex/geometry/geometry.sty
Package: geometry 2020/01/02 v5.9 Page Geometry

(/usr/share/texlive/texmf-dist/tex/generic/iftex/ifvtex.sty
Package: ifvtex 2019/10/25 v1.7 ifvtex legacy package. Use iftex instead.
)
\Gm@cnth=\count301
\Gm@cntv=\count302
\c@Gm@tempcnt=\count303
\Gm@bindingoffset=\dimen183
\Gm@wd@mp=\dimen184
\Gm@odd@mp=\dimen185
\Gm@even@mp=\dimen186
\Gm@layoutwidth=\dimen187
\Gm@layoutheight=\dimen188
\Gm@layouthoffset=\dimen189
\Gm@layoutvoffset=\dimen190
\Gm@dimlist=\toks30
)
(/usr/share/texlive/texmf-dist/tex/latex/lastpage/lastpage.sty
Package: lastpage 2021/09/03 v1.2n Refers to last page's name (HMM; JPG)
)
(/usr/share/texlive/texmf-dist/tex/latex/fancyhdr/fancyhdr.sty
Package: fancyhdr 2022/11/09 v4.1 Extensive control of page headers and footers

\f@nch@headwidth=\skip66
\f@nch@O@elh=\skip67
\f@nch@O@erh=\skip68
\f@nch@O@olh=\skip69
\f@nch@O@orh=\skip70
\f@nch@O@elf=\skip71
\f@nch@O@erf=\skip72
\f@nch@O@olf=\skip73
\f@nch@O@orf=\skip74
))
(/usr/share/texlive/texmf-dist/tex/latex/psnfss/pifont.sty
Package: pifont 2020/03/25 PSNFSS-v9.3 Pi font support (SPQR) 
LaTeX Font Info:    Trying to load font information for U+pzd on input line 63.


(/usr/share/texlive/texmf-dist/tex/latex/psnfss/upzd.fd
File: upzd.fd 2001/06/04 font definitions for U/pzd.
)
LaTeX Font Info:    Trying to load font information for U+psy on input line 64.


(/usr/share/texlive/texmf-dist/tex/latex/psnfss/upsy.fd
File: upsy.fd 2001/06/04 font definitions for U/psy.
))
(/usr/share/texlive/texmf-dist/tex/latex/comment/comment.sty
\CommentStream=\write3

Excluding comment 'comment')
(/usr/share/texlive/texmf-dist/tex/latex/base/doc.sty
Package: doc 2022/07/03 v3.0k Standard LaTeX documentation package V3 (FMi)
\c@StandardModuleDepth=\count304
\guard@level=\count305
\MacrocodeTopsep=\skip75
\MacroIndent=\dimen191
\macro@cnt=\count306
\MacroTopsep=\skip76
\IndexMin=\dimen192
\c@IndexColumns=\count307

(/usr/share/texlive/texmf-dist/tex/latex/tools/multicol.sty
Package: multicol 2021/11/30 v1.9d multicolumn formatting (FMi)
\c@tracingmulticols=\count308
\mult@box=\box58
\multicol@leftmargin=\dimen193
\c@unbalance=\count309
\c@collectmore=\count310
\doublecol@number=\count311
\multicoltolerance=\count312
\multicolpretolerance=\count313
\full@width=\dimen194
\page@free=\dimen195
\premulticols=\dimen196
\postmulticols=\dimen197
\multicolsep=\skip77
\multicolbaselineskip=\skip78
\partial@page=\box59
\last@line=\box60
\maxbalancingoverflow=\dimen198
\mult@rightbox=\box61
\mult@grightbox=\box62
\mult@firstbox=\box63
\mult@gfirstbox=\box64
\@tempa=\box65
\@tempa=\box66
\@tempa=\box67
\@tempa=\box68
\@tempa=\box69
\@tempa=\box70
\@tempa=\box71
\@tempa=\box72
\@tempa=\box73
\@tempa=\box74
\@tempa=\box75
\@tempa=\box76
\@tempa=\box77
\@tempa=\box78
\@tempa=\box79
\@tempa=\box80
\@tempa=\box81
\@tempa=\box82
\@tempa=\box83
\@tempa=\box84
\@tempa=\box85
\@tempa=\box86
\@tempa=\box87
\@tempa=\box88
\@tempa=\box89
\@tempa=\box90
\@tempa=\box91
\@tempa=\box92
\@tempa=\box93
\@tempa=\box94
\@tempa=\box95
\@tempa=\box96
\@tempa=\box97
\@tempa=\box98
\@tempa=\box99
\@tempa=\box100
\c@minrows=\count314
\c@columnbadness=\count315
\c@finalcolumnbadness=\count316
\last@try=\dimen199
\multicolovershoot=\dimen256
\multicolundershoot=\dimen257
\mult@nat@firstbox=\box101
\colbreak@box=\box102
\mc@col@check@num=\count317
)
\GlossaryMin=\dimen258
\c@GlossaryColumns=\count318
\check@sum=\count319
\bslash@cnt=\count320
\wrong@table=\toks31
\c@CodelineNo=\count321
\@temptokenb=\toks32
)
(/usr/share/texlive/texmf-dist/tex/latex/cite/cite.sty
LaTeX Info: Redefining \cite on input line 302.
LaTeX Info: Redefining \nocite on input line 332.
Package: cite 2015/02/27  v 5.5
)
(/usr/share/texlive/texmf-dist/tex/latex/booktabs/booktabs.sty
Package: booktabs 2020/01/12 v1.61803398 Publication quality tables
\heavyrulewidth=\dimen259
\lightrulewidth=\dimen260
\cmidrulewidth=\dimen261
\belowrulesep=\dimen262
\belowbottomsep=\dimen263
\aboverulesep=\dimen264
\abovetopsep=\dimen265
\cmidrulesep=\dimen266
\cmidrulekern=\dimen267
\defaultaddspace=\dimen268
\@cmidla=\count322
\@cmidlb=\count323
\@aboverulesep=\dimen269
\@belowrulesep=\dimen270
\@thisruleclass=\count324
\@lastruleclass=\count325
\@thisrulewidth=\dimen271
)
(/usr/share/texlive/texmf-dist/tex/latex/tools/longtable.sty
Package: longtable 2021-09-01 v4.17 Multi-page Table package (DPC)
\LTleft=\skip79
\LTright=\skip80
\LTpre=\skip81
\LTpost=\skip82
\LTchunksize=\count326
\LTcapwidth=\dimen272
\LT@head=\box103
\LT@firsthead=\box104
\LT@foot=\box105
\LT@lastfoot=\box106
\LT@gbox=\box107
\LT@cols=\count327
\LT@rows=\count328
\c@LT@tables=\count329
\c@LT@chunks=\count330
\LT@p@ftn=\toks33
)
(/usr/share/texlive/texmf-dist/tex/latex/pgfplots/pgfplotstable.sty
(/usr/share/texlive/texmf-dist/tex/generic/pgfplots/pgfplots.revision.tex)
Package: pgfplotstable 2021/05/15 v1.18.1 Table typesetting and Pretty-printing
 (1.18.1)

(/usr/share/texlive/texmf-dist/tex/latex/pgfplots/pgfplots.sty
(/usr/share/texlive/texmf-dist/tex/generic/pgfplots/pgfplots.revision.tex)
Package: pgfplots 2021/05/15 v1.18.1 Data Visualization (1.18.1)

(/usr/share/texlive/texmf-dist/tex/latex/pgf/frontendlayer/tikz.sty
(/usr/share/texlive/texmf-dist/tex/latex/pgf/basiclayer/pgf.sty
(/usr/share/texlive/texmf-dist/tex/latex/pgf/utilities/pgfrcs.sty
(/usr/share/texlive/texmf-dist/tex/generic/pgf/utilities/pgfutil-common.tex
\pgfutil@everybye=\toks34
\pgfutil@tempdima=\dimen273
\pgfutil@tempdimb=\dimen274
)
(/usr/share/texlive/texmf-dist/tex/generic/pgf/utilities/pgfutil-latex.def
\pgfutil@abb=\box108
)
(/usr/share/texlive/texmf-dist/tex/generic/pgf/utilities/pgfrcs.code.tex
(/usr/share/texlive/texmf-dist/tex/generic/pgf/pgf.revision.tex)
Package: pgfrcs 2023-01-15 v3.1.10 (3.1.10)
))
Package: pgf 2023-01-15 v3.1.10 (3.1.10)

(/usr/share/texlive/texmf-dist/tex/latex/pgf/basiclayer/pgfcore.sty
(/usr/share/texlive/texmf-dist/tex/latex/pgf/systemlayer/pgfsys.sty
(/usr/share/texlive/texmf-dist/tex/generic/pgf/systemlayer/pgfsys.code.tex
Package: pgfsys 2023-01-15 v3.1.10 (3.1.10)

(/usr/share/texlive/texmf-dist/tex/generic/pgf/utilities/pgfkeys.code.tex
\pgfkeys@pathtoks=\toks35
\pgfkeys@temptoks=\toks36

(/usr/share/texlive/texmf-dist/tex/generic/pgf/utilities/pgfkeyslibraryfiltered
.code.tex
\pgfkeys@tmptoks=\toks37
))
\pgf@x=\dimen275
\pgf@y=\dimen276
\pgf@xa=\dimen277
\pgf@ya=\dimen278
\pgf@xb=\dimen279
\pgf@yb=\dimen280
\pgf@xc=\dimen281
\pgf@yc=\dimen282
\pgf@xd=\dimen283
\pgf@yd=\dimen284
\w@pgf@writea=\write4
\r@pgf@reada=\read2
\c@pgf@counta=\count331
\c@pgf@countb=\count332
\c@pgf@countc=\count333
\c@pgf@countd=\count334
\t@pgf@toka=\toks38
\t@pgf@tokb=\toks39
\t@pgf@tokc=\toks40
\pgf@sys@id@count=\count335
 (/usr/share/texlive/texmf-dist/tex/generic/pgf/systemlayer/pgf.cfg
File: pgf.cfg 2023-01-15 v3.1.10 (3.1.10)
)
Driver file for pgf: pgfsys-pdftex.def
(/usr/share/texlive/texmf-dist/tex/generic/pgf/systemlayer/pgfsys-pdftex.def
File: pgfsys-pdftex.def 2023-01-15 v3.1.10 (3.1.10)

(/usr/share/texlive/texmf-dist/tex/generic/pgf/systemlayer/pgfsys-common-pdf.de
f
File: pgfsys-common-pdf.def 2023-01-15 v3.1.10 (3.1.10)
)))
(/usr/share/texlive/texmf-dist/tex/generic/pgf/systemlayer/pgfsyssoftpath.code.
tex
File: pgfsyssoftpath.code.tex 2023-01-15 v3.1.10 (3.1.10)
\pgfsyssoftpath@smallbuffer@items=\count336
\pgfsyssoftpath@bigbuffer@items=\count337
)
(/usr/share/texlive/texmf-dist/tex/generic/pgf/systemlayer/pgfsysprotocol.code.
tex
File: pgfsysprotocol.code.tex 2023-01-15 v3.1.10 (3.1.10)
))
(/usr/share/texlive/texmf-dist/tex/generic/pgf/basiclayer/pgfcore.code.tex
Package: pgfcore 2023-01-15 v3.1.10 (3.1.10)

(/usr/share/texlive/texmf-dist/tex/generic/pgf/math/pgfmath.code.tex
(/usr/share/texlive/texmf-dist/tex/generic/pgf/math/pgfmathutil.code.tex)
(/usr/share/texlive/texmf-dist/tex/generic/pgf/math/pgfmathparser.code.tex
\pgfmath@dimen=\dimen285
\pgfmath@count=\count338
\pgfmath@box=\box109
\pgfmath@toks=\toks41
\pgfmath@stack@operand=\toks42
\pgfmath@stack@operation=\toks43
)
(/usr/share/texlive/texmf-dist/tex/generic/pgf/math/pgfmathfunctions.code.tex)
(/usr/share/texlive/texmf-dist/tex/generic/pgf/math/pgfmathfunctions.basic.code
.tex)
(/usr/share/texlive/texmf-dist/tex/generic/pgf/math/pgfmathfunctions.trigonomet
ric.code.tex)
(/usr/share/texlive/texmf-dist/tex/generic/pgf/math/pgfmathfunctions.random.cod
e.tex)
(/usr/share/texlive/texmf-dist/tex/generic/pgf/math/pgfmathfunctions.comparison
.code.tex)
(/usr/share/texlive/texmf-dist/tex/generic/pgf/math/pgfmathfunctions.base.code.
tex)
(/usr/share/texlive/texmf-dist/tex/generic/pgf/math/pgfmathfunctions.round.code
.tex)
(/usr/share/texlive/texmf-dist/tex/generic/pgf/math/pgfmathfunctions.misc.code.
tex)
(/usr/share/texlive/texmf-dist/tex/generic/pgf/math/pgfmathfunctions.integerari
thmetics.code.tex)
(/usr/share/texlive/texmf-dist/tex/generic/pgf/math/pgfmathcalc.code.tex)
(/usr/share/texlive/texmf-dist/tex/generic/pgf/math/pgfmathfloat.code.tex
\c@pgfmathroundto@lastzeros=\count339
))
(/usr/share/texlive/texmf-dist/tex/generic/pgf/math/pgfint.code.tex)
(/usr/share/texlive/texmf-dist/tex/generic/pgf/basiclayer/pgfcorepoints.code.te
x
File: pgfcorepoints.code.tex 2023-01-15 v3.1.10 (3.1.10)
\pgf@picminx=\dimen286
\pgf@picmaxx=\dimen287
\pgf@picminy=\dimen288
\pgf@picmaxy=\dimen289
\pgf@pathminx=\dimen290
\pgf@pathmaxx=\dimen291
\pgf@pathminy=\dimen292
\pgf@pathmaxy=\dimen293
\pgf@xx=\dimen294
\pgf@xy=\dimen295
\pgf@yx=\dimen296
\pgf@yy=\dimen297
\pgf@zx=\dimen298
\pgf@zy=\dimen299
)
(/usr/share/texlive/texmf-dist/tex/generic/pgf/basiclayer/pgfcorepathconstruct.
code.tex
File: pgfcorepathconstruct.code.tex 2023-01-15 v3.1.10 (3.1.10)
\pgf@path@lastx=\dimen300
\pgf@path@lasty=\dimen301
)
(/usr/share/texlive/texmf-dist/tex/generic/pgf/basiclayer/pgfcorepathusage.code
.tex
File: pgfcorepathusage.code.tex 2023-01-15 v3.1.10 (3.1.10)
\pgf@shorten@end@additional=\dimen302
\pgf@shorten@start@additional=\dimen303
)
(/usr/share/texlive/texmf-dist/tex/generic/pgf/basiclayer/pgfcorescopes.code.te
x
File: pgfcorescopes.code.tex 2023-01-15 v3.1.10 (3.1.10)
\pgfpic=\box110
\pgf@hbox=\box111
\pgf@layerbox@main=\box112
\pgf@picture@serial@count=\count340
)
(/usr/share/texlive/texmf-dist/tex/generic/pgf/basiclayer/pgfcoregraphicstate.c
ode.tex
File: pgfcoregraphicstate.code.tex 2023-01-15 v3.1.10 (3.1.10)
\pgflinewidth=\dimen304
)
(/usr/share/texlive/texmf-dist/tex/generic/pgf/basiclayer/pgfcoretransformation
s.code.tex
File: pgfcoretransformations.code.tex 2023-01-15 v3.1.10 (3.1.10)
\pgf@pt@x=\dimen305
\pgf@pt@y=\dimen306
\pgf@pt@temp=\dimen307
)
(/usr/share/texlive/texmf-dist/tex/generic/pgf/basiclayer/pgfcorequick.code.tex
File: pgfcorequick.code.tex 2023-01-15 v3.1.10 (3.1.10)
)
(/usr/share/texlive/texmf-dist/tex/generic/pgf/basiclayer/pgfcoreobjects.code.t
ex
File: pgfcoreobjects.code.tex 2023-01-15 v3.1.10 (3.1.10)
)
(/usr/share/texlive/texmf-dist/tex/generic/pgf/basiclayer/pgfcorepathprocessing
.code.tex
File: pgfcorepathprocessing.code.tex 2023-01-15 v3.1.10 (3.1.10)
)
(/usr/share/texlive/texmf-dist/tex/generic/pgf/basiclayer/pgfcorearrows.code.te
x
File: pgfcorearrows.code.tex 2023-01-15 v3.1.10 (3.1.10)
\pgfarrowsep=\dimen308
)
(/usr/share/texlive/texmf-dist/tex/generic/pgf/basiclayer/pgfcoreshade.code.tex
File: pgfcoreshade.code.tex 2023-01-15 v3.1.10 (3.1.10)
\pgf@max=\dimen309
\pgf@sys@shading@range@num=\count341
\pgf@shadingcount=\count342
)
(/usr/share/texlive/texmf-dist/tex/generic/pgf/basiclayer/pgfcoreimage.code.tex
File: pgfcoreimage.code.tex 2023-01-15 v3.1.10 (3.1.10)
)
(/usr/share/texlive/texmf-dist/tex/generic/pgf/basiclayer/pgfcoreexternal.code.
tex
File: pgfcoreexternal.code.tex 2023-01-15 v3.1.10 (3.1.10)
\pgfexternal@startupbox=\box113
)
(/usr/share/texlive/texmf-dist/tex/generic/pgf/basiclayer/pgfcorelayers.code.te
x
File: pgfcorelayers.code.tex 2023-01-15 v3.1.10 (3.1.10)
)
(/usr/share/texlive/texmf-dist/tex/generic/pgf/basiclayer/pgfcoretransparency.c
ode.tex
File: pgfcoretransparency.code.tex 2023-01-15 v3.1.10 (3.1.10)
)
(/usr/share/texlive/texmf-dist/tex/generic/pgf/basiclayer/pgfcorepatterns.code.
tex
File: pgfcorepatterns.code.tex 2023-01-15 v3.1.10 (3.1.10)
)
(/usr/share/texlive/texmf-dist/tex/generic/pgf/basiclayer/pgfcorerdf.code.tex
File: pgfcorerdf.code.tex 2023-01-15 v3.1.10 (3.1.10)
)))
(/usr/share/texlive/texmf-dist/tex/generic/pgf/modules/pgfmoduleshapes.code.tex
File: pgfmoduleshapes.code.tex 2023-01-15 v3.1.10 (3.1.10)
\pgfnodeparttextbox=\box114
) (/usr/share/texlive/texmf-dist/tex/generic/pgf/modules/pgfmoduleplot.code.tex
File: pgfmoduleplot.code.tex 2023-01-15 v3.1.10 (3.1.10)
)
(/usr/share/texlive/texmf-dist/tex/latex/pgf/compatibility/pgfcomp-version-0-65
.sty
Package: pgfcomp-version-0-65 2023-01-15 v3.1.10 (3.1.10)
\pgf@nodesepstart=\dimen310
\pgf@nodesepend=\dimen311
)
(/usr/share/texlive/texmf-dist/tex/latex/pgf/compatibility/pgfcomp-version-1-18
.sty
Package: pgfcomp-version-1-18 2023-01-15 v3.1.10 (3.1.10)
)) (/usr/share/texlive/texmf-dist/tex/latex/pgf/utilities/pgffor.sty
(/usr/share/texlive/texmf-dist/tex/latex/pgf/utilities/pgfkeys.sty
(/usr/share/texlive/texmf-dist/tex/generic/pgf/utilities/pgfkeys.code.tex))
(/usr/share/texlive/texmf-dist/tex/latex/pgf/math/pgfmath.sty
(/usr/share/texlive/texmf-dist/tex/generic/pgf/math/pgfmath.code.tex))
(/usr/share/texlive/texmf-dist/tex/generic/pgf/utilities/pgffor.code.tex
Package: pgffor 2023-01-15 v3.1.10 (3.1.10)
\pgffor@iter=\dimen312
\pgffor@skip=\dimen313
\pgffor@stack=\toks44
\pgffor@toks=\toks45
))
(/usr/share/texlive/texmf-dist/tex/generic/pgf/frontendlayer/tikz/tikz.code.tex
Package: tikz 2023-01-15 v3.1.10 (3.1.10)

(/usr/share/texlive/texmf-dist/tex/generic/pgf/libraries/pgflibraryplothandlers
.code.tex
File: pgflibraryplothandlers.code.tex 2023-01-15 v3.1.10 (3.1.10)
\pgf@plot@mark@count=\count343
\pgfplotmarksize=\dimen314
)
\tikz@lastx=\dimen315
\tikz@lasty=\dimen316
\tikz@lastxsaved=\dimen317
\tikz@lastysaved=\dimen318
\tikz@lastmovetox=\dimen319
\tikz@lastmovetoy=\dimen320
\tikzleveldistance=\dimen321
\tikzsiblingdistance=\dimen322
\tikz@figbox=\box115
\tikz@figbox@bg=\box116
\tikz@tempbox=\box117
\tikz@tempbox@bg=\box118
\tikztreelevel=\count344
\tikznumberofchildren=\count345
\tikznumberofcurrentchild=\count346
\tikz@fig@count=\count347

(/usr/share/texlive/texmf-dist/tex/generic/pgf/modules/pgfmodulematrix.code.tex
File: pgfmodulematrix.code.tex 2023-01-15 v3.1.10 (3.1.10)
\pgfmatrixcurrentrow=\count348
\pgfmatrixcurrentcolumn=\count349
\pgf@matrix@numberofcolumns=\count350
)
\tikz@expandcount=\count351

(/usr/share/texlive/texmf-dist/tex/generic/pgf/frontendlayer/tikz/libraries/tik
zlibrarytopaths.code.tex
File: tikzlibrarytopaths.code.tex 2023-01-15 v3.1.10 (3.1.10)
)))
(/usr/share/texlive/texmf-dist/tex/generic/pgfplots/pgfplots.code.tex
(/usr/share/texlive/texmf-dist/tex/generic/pgfplots/pgfplotscore.code.tex
\t@pgfplots@toka=\toks46
\t@pgfplots@tokb=\toks47
\t@pgfplots@tokc=\toks48
\pgfplots@tmpa=\dimen323
\c@pgfplots@coordindex=\count352
\c@pgfplots@scanlineindex=\count353

(/usr/share/texlive/texmf-dist/tex/generic/pgfplots/sys/pgfplotssysgeneric.code
.tex))
(/usr/share/texlive/texmf-dist/tex/generic/pgfplots/libs/pgfplotslibrary.code.t
ex)
(/usr/share/texlive/texmf-dist/tex/generic/pgfplots/oldpgfcompatib/pgfplotsoldp
gfsupp_loader.code.tex
(/usr/share/texlive/texmf-dist/tex/generic/pgf/libraries/pgflibraryfpu.code.tex
)
Package pgfplots: loading complementary utilities for your pgf version...
\t@pgf@toka=\toks49
\t@pgf@tokb=\toks50
\t@pgf@tokc=\toks51

(/usr/share/texlive/texmf-dist/tex/generic/pgfplots/oldpgfcompatib/pgfplotsoldp
gfsupp_pgfutil-common-lists.tex))
(/usr/share/texlive/texmf-dist/tex/generic/pgfplots/util/pgfplotsutil.code.tex
(/usr/share/texlive/texmf-dist/tex/generic/pgfplots/liststructure/pgfplotslists
tructure.code.tex)
(/usr/share/texlive/texmf-dist/tex/generic/pgfplots/liststructure/pgfplotslists
tructureext.code.tex)
(/usr/share/texlive/texmf-dist/tex/generic/pgfplots/liststructure/pgfplotsarray
.code.tex
\c@pgfplotsarray@tmp=\count354
)
(/usr/share/texlive/texmf-dist/tex/generic/pgfplots/liststructure/pgfplotsmatri
x.code.tex)
(/usr/share/texlive/texmf-dist/tex/generic/pgfplots/numtable/pgfplotstableshare
d.code.tex
\c@pgfplotstable@counta=\count355
\t@pgfplotstable@a=\toks52
)
(/usr/share/texlive/texmf-dist/tex/generic/pgfplots/liststructure/pgfplotsdeque
.code.tex)
(/usr/share/texlive/texmf-dist/tex/generic/pgfplots/util/pgfplotsbinary.code.te
x
(/usr/share/texlive/texmf-dist/tex/generic/pgfplots/util/pgfplotsbinary.data.co
de.tex))
(/usr/share/texlive/texmf-dist/tex/generic/pgfplots/util/pgfplotsutil.verb.code
.tex)
(/usr/share/texlive/texmf-dist/tex/generic/pgfplots/libs/pgflibrarypgfplots.sur
fshading.code.tex
\c@pgfplotslibrarysurf@no=\count356

(/usr/share/texlive/texmf-dist/tex/generic/pgfplots/sys/pgflibrarypgfplots.surf
shading.pgfsys-pdftex.def)))
(/usr/share/texlive/texmf-dist/tex/generic/pgfplots/util/pgfplotscolormap.code.
tex
(/usr/share/texlive/texmf-dist/tex/generic/pgfplots/util/pgfplotscolor.code.tex
))
(/usr/share/texlive/texmf-dist/tex/generic/pgfplots/pgfplotsstackedplots.code.t
ex)
(/usr/share/texlive/texmf-dist/tex/generic/pgfplots/pgfplotsplothandlers.code.t
ex
(/usr/share/texlive/texmf-dist/tex/generic/pgfplots/pgfplotsmeshplothandler.cod
e.tex
(/usr/share/texlive/texmf-dist/tex/generic/pgfplots/pgfplotsmeshplotimage.code.
tex)))
(/usr/share/texlive/texmf-dist/tex/generic/pgfplots/pgfplots.scaling.code.tex)
(/usr/share/texlive/texmf-dist/tex/generic/pgfplots/pgfplotscoordprocessing.cod
e.tex)
(/usr/share/texlive/texmf-dist/tex/generic/pgfplots/pgfplots.errorbars.code.tex
) (/usr/share/texlive/texmf-dist/tex/generic/pgfplots/pgfplots.markers.code.tex
) (/usr/share/texlive/texmf-dist/tex/generic/pgfplots/pgfplotsticks.code.tex)
(/usr/share/texlive/texmf-dist/tex/generic/pgfplots/pgfplots.paths.code.tex)
(/usr/share/texlive/texmf-dist/tex/generic/pgf/frontendlayer/tikz/libraries/tik
zlibrarydecorations.code.tex
(/usr/share/texlive/texmf-dist/tex/generic/pgf/modules/pgfmoduledecorations.cod
e.tex
\pgfdecoratedcompleteddistance=\dimen324
\pgfdecoratedremainingdistance=\dimen325
\pgfdecoratedinputsegmentcompleteddistance=\dimen326
\pgfdecoratedinputsegmentremainingdistance=\dimen327
\pgf@decorate@distancetomove=\dimen328
\pgf@decorate@repeatstate=\count357
\pgfdecorationsegmentamplitude=\dimen329
\pgfdecorationsegmentlength=\dimen330
)
\tikz@lib@dec@box=\box119
)
(/usr/share/texlive/texmf-dist/tex/generic/pgf/frontendlayer/tikz/libraries/tik
zlibrarydecorations.pathmorphing.code.tex
(/usr/share/texlive/texmf-dist/tex/generic/pgf/libraries/decorations/pgflibrary
decorations.pathmorphing.code.tex))
(/usr/share/texlive/texmf-dist/tex/generic/pgf/frontendlayer/tikz/libraries/tik
zlibrarydecorations.pathreplacing.code.tex
(/usr/share/texlive/texmf-dist/tex/generic/pgf/libraries/decorations/pgflibrary
decorations.pathreplacing.code.tex))
(/usr/share/texlive/texmf-dist/tex/generic/pgfplots/libs/tikzlibrarypgfplots.co
ntourlua.code.tex)
\pgfplots@numplots=\count358
\pgfplots@xmin@reg=\dimen331
\pgfplots@xmax@reg=\dimen332
\pgfplots@ymin@reg=\dimen333
\pgfplots@ymax@reg=\dimen334
\pgfplots@zmin@reg=\dimen335
\pgfplots@zmax@reg=\dimen336
)
(/usr/share/texlive/texmf-dist/tex/generic/pgf/frontendlayer/tikz/libraries/tik
zlibraryplotmarks.code.tex
File: tikzlibraryplotmarks.code.tex 2023-01-15 v3.1.10 (3.1.10)

(/usr/share/texlive/texmf-dist/tex/generic/pgf/libraries/pgflibraryplotmarks.co
de.tex
File: pgflibraryplotmarks.code.tex 2023-01-15 v3.1.10 (3.1.10)
)))
(/usr/share/texlive/texmf-dist/tex/generic/pgfplots/numtable/pgfplotstable.code
.tex
(/usr/share/texlive/texmf-dist/tex/generic/pgfplots/numtable/pgfplotstable.colt
ype.code.tex)) (/usr/share/texlive/texmf-dist/tex/latex/tools/array.sty
Package: array 2022/09/04 v2.5g Tabular extension package (FMi)
\col@sep=\dimen337
\ar@mcellbox=\box120
\extrarowheight=\dimen338
\NC@list=\toks53
\extratabsurround=\skip83
\backup@length=\skip84
\ar@cellbox=\box121
))
(/usr/share/texlive/texmf-dist/tex/latex/titlesec/titlesec.sty
Package: titlesec 2021/07/05 v2.14 Sectioning titles
\ttl@box=\box122
\beforetitleunit=\skip85
\aftertitleunit=\skip86
\ttl@plus=\dimen339
\ttl@minus=\dimen340
\ttl@toksa=\toks54
\titlewidth=\dimen341
\titlewidthlast=\dimen342
\titlewidthfirst=\dimen343
)
(/usr/share/texlive/texmf-dist/tex/latex/multirow/multirow.sty
Package: multirow 2021/03/15 v2.8 Span multiple rows of a table
\multirow@colwidth=\skip87
\multirow@cntb=\count359
\multirow@dima=\skip88
\bigstrutjot=\dimen344
)
(/usr/share/texlive/texmf-dist/tex/latex/caption/subcaption.sty
Package: subcaption 2022/01/07 v1.5 Sub-captions (AR)

(/usr/share/texlive/texmf-dist/tex/latex/caption/caption.sty
Package: caption 2022/03/01 v3.6b Customizing captions (AR)

(/usr/share/texlive/texmf-dist/tex/latex/caption/caption3.sty
Package: caption3 2022/03/17 v2.3b caption3 kernel (AR)
\caption@tempdima=\dimen345
\captionmargin=\dimen346
\caption@leftmargin=\dimen347
\caption@rightmargin=\dimen348
\caption@width=\dimen349
\caption@indent=\dimen350
\caption@parindent=\dimen351
\caption@hangindent=\dimen352
Package caption Info: Standard document class detected.
)
\c@caption@flags=\count360
\c@continuedfloat=\count361
Package caption Info: hyperref package is loaded.
Package caption Info: listings package is loaded.
Package caption Info: longtable package is loaded.

(/usr/share/texlive/texmf-dist/tex/latex/caption/ltcaption.sty
Package: ltcaption 2021/01/08 v1.4c longtable captions (AR)
))
\c@subfigure=\count362
\c@subtable=\count363
)
(/usr/share/texlive/texmf-dist/tex/latex/fancyvrb/fancyvrb.sty
Package: fancyvrb 2023/01/19 4.5a verbatim text (tvz,hv)
\FV@CodeLineNo=\count364
\FV@InFile=\read3
\FV@TabBox=\box123
\c@FancyVerbLine=\count365
\FV@StepNumber=\count366
\FV@OutFile=\write5
)
(/usr/share/texlive/texmf-dist/tex/latex/cleveref/cleveref.sty
Package: cleveref 2018/03/27 v0.21.4 Intelligent cross-referencing
Package cleveref Info: `hyperref' support loaded on input line 2370.
LaTeX Info: Redefining \cref on input line 2370.
LaTeX Info: Redefining \Cref on input line 2370.
LaTeX Info: Redefining \crefrange on input line 2370.
LaTeX Info: Redefining \Crefrange on input line 2370.
LaTeX Info: Redefining \cpageref on input line 2370.
LaTeX Info: Redefining \Cpageref on input line 2370.
LaTeX Info: Redefining \cpagerefrange on input line 2370.
LaTeX Info: Redefining \Cpagerefrange on input line 2370.
LaTeX Info: Redefining \labelcref on input line 2370.
LaTeX Info: Redefining \labelcpageref on input line 2370.
Package cleveref Info: `amsthm' support loaded on input line 3026.
Package cleveref Info: `listings' support loaded on input line 3131.
)
(/usr/share/texlive/texmf-dist/tex/latex/hypdoc/hypdoc.sty
Package: hypdoc 2022-07-03 v1.17 Hyper extensions for doc.sty (HO)


Package hypdoc Warning: hyperref has been loaded before. Check the options! on 
input line 56.

Package hyperref Info: Option `colorlinks' set `true' on input line 66.
Package hyperref Info: Option `plainpages' set `false' on input line 66.
Package hyperref Info: Option `bookmarksopen' set `true' on input line 66.
Package hyperref Info: Option `bookmarksnumbered' set `true' on input line 66.
\c@HD@unique=\count367
\c@HD@hypercount=\count368
\HD@helplength=\skip89
) (/usr/share/texlive/texmf-dist/tex/latex/l3backend/l3backend-pdftex.def
File: l3backend-pdftex.def 2023-01-16 L3 backend support: PDF output (pdfTeX)
\l__color_backend_stack_int=\count369
\l__pdf_internal_box=\box124
)
(./main.aux

LaTeX Warning: Label `fig:quantPic' multiply defined.


LaTeX Warning: Label `fig:quantPic@cref' multiply defined.


LaTeX Warning: Label `tab:cat_{cat}' multiply defined.


LaTeX Warning: Label `tab:cat_{cat}@cref' multiply defined.


LaTeX Warning: Label `fig:quantPic' multiply defined.


LaTeX Warning: Label `fig:quantPic@cref' multiply defined.


LaTeX Warning: Label `tab:cat_{cat}' multiply defined.


LaTeX Warning: Label `tab:cat_{cat}@cref' multiply defined.


LaTeX Warning: Label `fig:quantPic' multiply defined.


LaTeX Warning: Label `fig:quantPic@cref' multiply defined.


LaTeX Warning: Label `tab:cat_{cat}' multiply defined.


LaTeX Warning: Label `tab:cat_{cat}@cref' multiply defined.


LaTeX Warning: Label `fig:quantPic' multiply defined.


LaTeX Warning: Label `fig:quantPic@cref' multiply defined.


LaTeX Warning: Label `tab:cat_{cat}' multiply defined.


LaTeX Warning: Label `tab:cat_{cat}@cref' multiply defined.


LaTeX Warning: Label `tab:cat_{cat}' multiply defined.


LaTeX Warning: Label `tab:cat_{cat}@cref' multiply defined.


LaTeX Warning: Label `fig:quantPic' multiply defined.


LaTeX Warning: Label `fig:quantPic@cref' multiply defined.


LaTeX Warning: Label `fig:quantPic' multiply defined.


LaTeX Warning: Label `fig:quantPic@cref' multiply defined.


LaTeX Warning: Label `tab:cat_{cat}' multiply defined.


LaTeX Warning: Label `tab:cat_{cat}@cref' multiply defined.


LaTeX Warning: Label `fig:quantPic' multiply defined.


LaTeX Warning: Label `fig:quantPic@cref' multiply defined.


LaTeX Warning: Label `tab:cat_{cat}' multiply defined.


LaTeX Warning: Label `tab:cat_{cat}@cref' multiply defined.


LaTeX Warning: Label `fig:quantPic' multiply defined.


LaTeX Warning: Label `fig:quantPic@cref' multiply defined.


LaTeX Warning: Label `tab:cat_{cat}' multiply defined.


LaTeX Warning: Label `tab:cat_{cat}@cref' multiply defined.


LaTeX Warning: Label `fig:quantPic' multiply defined.


LaTeX Warning: Label `fig:quantPic@cref' multiply defined.


LaTeX Warning: Label `tab:cat_{cat}' multiply defined.


LaTeX Warning: Label `tab:cat_{cat}@cref' multiply defined.


LaTeX Warning: Label `fig:quantPic' multiply defined.


LaTeX Warning: Label `fig:quantPic@cref' multiply defined.


LaTeX Warning: Label `tab:cat_{cat}' multiply defined.


LaTeX Warning: Label `tab:cat_{cat}@cref' multiply defined.


LaTeX Warning: Label `fig:quantPic' multiply defined.


LaTeX Warning: Label `fig:quantPic@cref' multiply defined.


LaTeX Warning: Label `tab:cat_{cat}' multiply defined.


LaTeX Warning: Label `tab:cat_{cat}@cref' multiply defined.


LaTeX Warning: Label `tab:cat_{cat}' multiply defined.


LaTeX Warning: Label `tab:cat_{cat}@cref' multiply defined.


LaTeX Warning: Label `fig:quantPic' multiply defined.


LaTeX Warning: Label `fig:quantPic@cref' multiply defined.


LaTeX Warning: Label `fig:quantPic' multiply defined.


LaTeX Warning: Label `fig:quantPic@cref' multiply defined.


LaTeX Warning: Label `tab:cat_{cat}' multiply defined.


LaTeX Warning: Label `tab:cat_{cat}@cref' multiply defined.


LaTeX Warning: Label `fig:quantPic' multiply defined.


LaTeX Warning: Label `fig:quantPic@cref' multiply defined.


LaTeX Warning: Label `tab:cat_{cat}' multiply defined.


LaTeX Warning: Label `tab:cat_{cat}@cref' multiply defined.


LaTeX Warning: Label `fig:quantPic' multiply defined.


LaTeX Warning: Label `fig:quantPic@cref' multiply defined.


LaTeX Warning: Label `tab:cat_{cat}' multiply defined.


LaTeX Warning: Label `tab:cat_{cat}@cref' multiply defined.


LaTeX Warning: Label `fig:quantPic' multiply defined.


LaTeX Warning: Label `fig:quantPic@cref' multiply defined.


LaTeX Warning: Label `tab:cat_{cat}' multiply defined.


LaTeX Warning: Label `tab:cat_{cat}@cref' multiply defined.


LaTeX Warning: Label `fig:quantPic' multiply defined.


LaTeX Warning: Label `fig:quantPic@cref' multiply defined.


LaTeX Warning: Label `tab:cat_{cat}' multiply defined.


LaTeX Warning: Label `tab:cat_{cat}@cref' multiply defined.


LaTeX Warning: Label `fig:quantPic' multiply defined.


LaTeX Warning: Label `fig:quantPic@cref' multiply defined.


LaTeX Warning: Label `tab:cat_{cat}' multiply defined.


LaTeX Warning: Label `tab:cat_{cat}@cref' multiply defined.


LaTeX Warning: Label `fig:quantPic' multiply defined.


LaTeX Warning: Label `fig:quantPic@cref' multiply defined.


LaTeX Warning: Label `tab:cat_{cat}' multiply defined.


LaTeX Warning: Label `tab:cat_{cat}@cref' multiply defined.


LaTeX Warning: Label `fig:quantPic' multiply defined.


LaTeX Warning: Label `fig:quantPic@cref' multiply defined.


LaTeX Warning: Label `tab:cat_{cat}' multiply defined.


LaTeX Warning: Label `tab:cat_{cat}@cref' multiply defined.


LaTeX Warning: Label `fig:quantPic' multiply defined.


LaTeX Warning: Label `fig:quantPic@cref' multiply defined.


LaTeX Warning: Label `tab:cat_{cat}' multiply defined.


LaTeX Warning: Label `tab:cat_{cat}@cref' multiply defined.


LaTeX Warning: Label `tab:cat_{cat}' multiply defined.


LaTeX Warning: Label `tab:cat_{cat}@cref' multiply defined.


LaTeX Warning: Label `fig:quantPic' multiply defined.


LaTeX Warning: Label `fig:quantPic@cref' multiply defined.


LaTeX Warning: Label `fig:quantPic' multiply defined.


LaTeX Warning: Label `fig:quantPic@cref' multiply defined.


LaTeX Warning: Label `tab:cat_{cat}' multiply defined.


LaTeX Warning: Label `tab:cat_{cat}@cref' multiply defined.


LaTeX Warning: Label `fig:quantPic' multiply defined.


LaTeX Warning: Label `fig:quantPic@cref' multiply defined.


LaTeX Warning: Label `tab:cat_{cat}' multiply defined.


LaTeX Warning: Label `tab:cat_{cat}@cref' multiply defined.


LaTeX Warning: Label `fig:quantPic' multiply defined.


LaTeX Warning: Label `fig:quantPic@cref' multiply defined.


LaTeX Warning: Label `tab:cat_{cat}' multiply defined.


LaTeX Warning: Label `tab:cat_{cat}@cref' multiply defined.


LaTeX Warning: Label `fig:quantPic' multiply defined.


LaTeX Warning: Label `fig:quantPic@cref' multiply defined.


LaTeX Warning: Label `tab:cat_{cat}' multiply defined.


LaTeX Warning: Label `tab:cat_{cat}@cref' multiply defined.


LaTeX Warning: Label `tab:cat_{cat}' multiply defined.


LaTeX Warning: Label `tab:cat_{cat}@cref' multiply defined.


LaTeX Warning: Label `fig:quantPic' multiply defined.


LaTeX Warning: Label `fig:quantPic@cref' multiply defined.


LaTeX Warning: Label `fig:quantPic' multiply defined.


LaTeX Warning: Label `fig:quantPic@cref' multiply defined.


LaTeX Warning: Label `tab:all_results' multiply defined.


LaTeX Warning: Label `tab:all_results@cref' multiply defined.


LaTeX Warning: Label `tab:all_results' multiply defined.


LaTeX Warning: Label `tab:all_results@cref' multiply defined.


LaTeX Warning: Label `tab:all_results' multiply defined.


LaTeX Warning: Label `tab:all_results@cref' multiply defined.


LaTeX Warning: Label `tab:all_results' multiply defined.


LaTeX Warning: Label `tab:all_results@cref' multiply defined.


LaTeX Warning: Label `tab:all_results' multiply defined.


LaTeX Warning: Label `tab:all_results@cref' multiply defined.


LaTeX Warning: Label `tab:all_results' multiply defined.


LaTeX Warning: Label `tab:all_results@cref' multiply defined.


LaTeX Warning: Label `tab:all_results' multiply defined.


LaTeX Warning: Label `tab:all_results@cref' multiply defined.


LaTeX Warning: Label `tab:all_results' multiply defined.


LaTeX Warning: Label `tab:all_results@cref' multiply defined.


LaTeX Warning: Label `tab:all_results' multiply defined.


LaTeX Warning: Label `tab:all_results@cref' multiply defined.


LaTeX Warning: Label `tab:all_results' multiply defined.


LaTeX Warning: Label `tab:all_results@cref' multiply defined.


LaTeX Warning: Label `tab:all_results' multiply defined.


LaTeX Warning: Label `tab:all_results@cref' multiply defined.


LaTeX Warning: Label `tab:all_results' multiply defined.


LaTeX Warning: Label `tab:all_results@cref' multiply defined.


LaTeX Warning: Label `tab:all_results' multiply defined.


LaTeX Warning: Label `tab:all_results@cref' multiply defined.


LaTeX Warning: Label `tab:all_results' multiply defined.


LaTeX Warning: Label `tab:all_results@cref' multiply defined.


LaTeX Warning: Label `tab:all_results' multiply defined.


LaTeX Warning: Label `tab:all_results@cref' multiply defined.


LaTeX Warning: Label `tab:all_results' multiply defined.


LaTeX Warning: Label `tab:all_results@cref' multiply defined.


LaTeX Warning: Label `tab:all_results' multiply defined.


LaTeX Warning: Label `tab:all_results@cref' multiply defined.


LaTeX Warning: Label `tab:all_results' multiply defined.


LaTeX Warning: Label `tab:all_results@cref' multiply defined.

)
\openout1 = `main.aux'.

LaTeX Font Info:    Checking defaults for OML/cmm/m/it on input line 139.
LaTeX Font Info:    ... okay on input line 139.
LaTeX Font Info:    Checking defaults for OMS/cmsy/m/n on input line 139.
LaTeX Font Info:    ... okay on input line 139.
LaTeX Font Info:    Checking defaults for OT1/cmr/m/n on input line 139.
LaTeX Font Info:    ... okay on input line 139.
LaTeX Font Info:    Checking defaults for T1/cmr/m/n on input line 139.
LaTeX Font Info:    ... okay on input line 139.
LaTeX Font Info:    Checking defaults for TS1/cmr/m/n on input line 139.
LaTeX Font Info:    ... okay on input line 139.
LaTeX Font Info:    Checking defaults for OMX/cmex/m/n on input line 139.
LaTeX Font Info:    ... okay on input line 139.
LaTeX Font Info:    Checking defaults for U/cmr/m/n on input line 139.
LaTeX Font Info:    ... okay on input line 139.
LaTeX Font Info:    Checking defaults for PD1/pdf/m/n on input line 139.
LaTeX Font Info:    ... okay on input line 139.
LaTeX Font Info:    Checking defaults for PU/pdf/m/n on input line 139.
LaTeX Font Info:    ... okay on input line 139.
 (/usr/share/texlive/texmf-dist/tex/context/base/mkii/supp-pdf.mkii
[Loading MPS to PDF converter (version 2006.09.02).]
\scratchcounter=\count370
\scratchdimen=\dimen353
\scratchbox=\box125
\nofMPsegments=\count371
\nofMParguments=\count372
\everyMPshowfont=\toks55
\MPscratchCnt=\count373
\MPscratchDim=\dimen354
\MPnumerator=\count374
\makeMPintoPDFobject=\count375
\everyMPtoPDFconversion=\toks56
) (/usr/share/texlive/texmf-dist/tex/latex/epstopdf-pkg/epstopdf-base.sty
Package: epstopdf-base 2020-01-24 v2.11 Base part for package epstopdf
Package epstopdf-base Info: Redefining graphics rule for `.eps' on input line 4
85.

(/usr/share/texlive/texmf-dist/tex/latex/latexconfig/epstopdf-sys.cfg
File: epstopdf-sys.cfg 2010/07/13 v1.3 Configuration of (r)epstopdf for TeX Liv
e
))
Package hyperref Info: Link coloring ON on input line 139.

(./main.out) (./main.out)
\@outlinefile=\write6
\openout6 = `main.out'.

\c@lstlisting=\count376

*geometry* driver: auto-detecting
*geometry* detected driver: pdftex
*geometry* verbose mode - [ preamble ] result:
* driver: pdftex
* paper: custom
* layout: <same size as paper>
* layoutoffset:(h,v)=(0.0pt,0.0pt)
* hratio: 1:1
* vratio: 1:1
* modes: includehead includefoot twoside 
* h-part:(L,W,R)=(100.86502pt, 412.56496pt, 100.86502pt)
* v-part:(T,H,B)=(78.81413pt, 637.34172pt, 78.81413pt)
* \paperwidth=614.295pt
* \paperheight=794.96999pt
* \textwidth=412.56496pt
* \textheight=583.34172pt
* \oddsidemargin=28.59503pt
* \evensidemargin=28.59503pt
* \topmargin=6.54414pt
* \headheight=12.0pt
* \headsep=16.0pt
* \topskip=10.0pt
* \footskip=26.0pt
* \marginparwidth=96.0pt
* \marginparsep=5.0pt
* \columnsep=10.0pt
* \skip\footins=9.0pt plus 4.0pt minus 2.0pt
* \hoffset=0.0pt
* \voffset=0.0pt
* \mag=1000
* \@twocolumnfalse
* \@twosidetrue
* \@mparswitchtrue
* \@reversemargintrue
* (1in=72.27pt=25.4mm, 1cm=28.453pt)

Package lastpage Info: Please have a look at the pageslts package at
(lastpage)             https://www.ctan.org/pkg/pageslts
(lastpage)             ! on input line 139.
Package pgfplots notification 'compat/show suggested version=true': you might b
enefit from \pgfplotsset{compat=1.18} (current compat level: 1.16).

Package caption Info: Begin \AtBeginDocument code.
Package caption Info: End \AtBeginDocument code.
(./main.hd)
\HD@savedest@out=\write7
\openout7 = `main.hd'.

LaTeX Font Info:    Trying to load font information for U+lasy on input line 14
1.
 (/usr/share/texlive/texmf-dist/tex/latex/base/ulasy.fd
File: ulasy.fd 1998/08/17 v2.2e LaTeX symbol font definitions
)
(./total.tex
<cactus/all.pdf, id=30, 505.89pt x 216.81pt>
File: cactus/all.pdf Graphic file (type pdf)
<use cactus/all.pdf>
Package pdftex.def Info: cactus/all.pdf  used on input line 28.
(pdftex.def)             Requested size: 412.56496pt x 176.81602pt.


LaTeX Warning: `h' float specifier changed to `ht'.

) [1

{/var/lib/texmf/fonts/map/pdftex/updmap/pdftex.map}] [2 <./cactus/all.pdf>] (./
scored.tex
<cactus/2022_nn4sys.pdf, id=72, 505.89pt x 216.81pt>
File: cactus/2022_nn4sys.pdf Graphic file (type pdf)
<use cactus/2022_nn4sys.pdf>
Package pdftex.def Info: cactus/2022_nn4sys.pdf  used on input line 26.
(pdftex.def)             Requested size: 412.56496pt x 176.81602pt.
<cactus/2022_oval21.pdf, id=73, 505.89pt x 216.81pt>
File: cactus/2022_oval21.pdf Graphic file (type pdf)
<use cactus/2022_oval21.pdf>
Package pdftex.def Info: cactus/2022_oval21.pdf  used on input line 56.
(pdftex.def)             Requested size: 412.56496pt x 176.81602pt.


LaTeX Warning: `h' float specifier changed to `ht'.


LaTeX Warning: `h' float specifier changed to `ht'.

<cactus/2023_acasxu.pdf, id=74, 505.89pt x 216.81pt>
File: cactus/2023_acasxu.pdf Graphic file (type pdf)
<use cactus/2023_acasxu.pdf>
Package pdftex.def Info: cactus/2023_acasxu.pdf  used on input line 87.
(pdftex.def)             Requested size: 412.56496pt x 176.81602pt.

LaTeX Warning: `h' float specifier changed to `ht'.


LaTeX Warning: `h' float specifier changed to `ht'.

<cactus/2023_cctsdb_yolo.pdf, id=75, 505.89pt x 216.81pt>
File: cactus/2023_cctsdb_yolo.pdf Graphic file (type pdf)
<use cactus/2023_cctsdb_yolo.pdf>
Package pdftex.def Info: cactus/2023_cctsdb_yolo.pdf  used on input line 113.
(pdftex.def)             Requested size: 412.56496pt x 176.81602pt.

LaTeX Warning: `h' float specifier changed to `ht'.


LaTeX Warning: `h' float specifier changed to `ht'.

<cactus/2023_cgan.pdf, id=76, 505.89pt x 216.81pt>
File: cactus/2023_cgan.pdf Graphic file (type pdf)
<use cactus/2023_cgan.pdf>
Package pdftex.def Info: cactus/2023_cgan.pdf  used on input line 144.
(pdftex.def)             Requested size: 412.56496pt x 176.81602pt.

LaTeX Warning: `h' float specifier changed to `ht'.


LaTeX Warning: `h' float specifier changed to `ht'.

<cactus/2023_collins_rul_cnn.pdf, id=77, 505.89pt x 216.81pt>
File: cactus/2023_collins_rul_cnn.pdf Graphic file (type pdf)
<use cactus/2023_collins_rul_cnn.pdf>
Package pdftex.def Info: cactus/2023_collins_rul_cnn.pdf  used on input line 17
5.
(pdftex.def)             Requested size: 412.56496pt x 176.81602pt.

LaTeX Warning: `h' float specifier changed to `ht'.


LaTeX Warning: `h' float specifier changed to `ht'.

<cactus/2023_collins_yolo_robustness.pdf, id=78, 505.89pt x 216.81pt>
File: cactus/2023_collins_yolo_robustness.pdf Graphic file (type pdf)
<use cactus/2023_collins_yolo_robustness.pdf>
Package pdftex.def Info: cactus/2023_collins_yolo_robustness.pdf  used on input
 line 202.
(pdftex.def)             Requested size: 412.56496pt x 176.81602pt.

LaTeX Warning: `h' float specifier changed to `ht'.


LaTeX Warning: `h' float specifier changed to `ht'.

<cactus/2023_dist_shift.pdf, id=79, 505.89pt x 216.81pt>
File: cactus/2023_dist_shift.pdf Graphic file (type pdf)
<use cactus/2023_dist_shift.pdf>
Package pdftex.def Info: cactus/2023_dist_shift.pdf  used on input line 232.
(pdftex.def)             Requested size: 412.56496pt x 176.81602pt.

LaTeX Warning: `h' float specifier changed to `ht'.


LaTeX Warning: `h' float specifier changed to `ht'.

<cactus/2023_metaroom.pdf, id=80, 505.89pt x 216.81pt>
File: cactus/2023_metaroom.pdf Graphic file (type pdf)
<use cactus/2023_metaroom.pdf>
Package pdftex.def Info: cactus/2023_metaroom.pdf  used on input line 260.
(pdftex.def)             Requested size: 412.56496pt x 176.81602pt.

LaTeX Warning: `h' float specifier changed to `ht'.


LaTeX Warning: `h' float specifier changed to `ht'.

<cactus/2023_ml4acopf.pdf, id=81, 505.89pt x 216.81pt>
File: cactus/2023_ml4acopf.pdf Graphic file (type pdf)
<use cactus/2023_ml4acopf.pdf>
Package pdftex.def Info: cactus/2023_ml4acopf.pdf  used on input line 286.
(pdftex.def)             Requested size: 412.56496pt x 176.81602pt.

LaTeX Warning: `h' float specifier changed to `ht'.


LaTeX Warning: `h' float specifier changed to `ht'.

<cactus/2023_nn4sys.pdf, id=82, 505.89pt x 216.81pt>
File: cactus/2023_nn4sys.pdf Graphic file (type pdf)
<use cactus/2023_nn4sys.pdf>
Package pdftex.def Info: cactus/2023_nn4sys.pdf  used on input line 317.
(pdftex.def)             Requested size: 412.56496pt x 176.81602pt.

LaTeX Warning: `h' float specifier changed to `ht'.


LaTeX Warning: `h' float specifier changed to `ht'.

<cactus/2023_test.pdf, id=83, 505.89pt x 216.81pt>
File: cactus/2023_test.pdf Graphic file (type pdf)
<use cactus/2023_test.pdf>
Package pdftex.def Info: cactus/2023_test.pdf  used on input line 344.
(pdftex.def)             Requested size: 412.56496pt x 176.81602pt.

LaTeX Warning: `h' float specifier changed to `ht'.


LaTeX Warning: `h' float specifier changed to `ht'.

<cactus/2023_tllverifybench.pdf, id=84, 505.89pt x 216.81pt>
File: cactus/2023_tllverifybench.pdf Graphic file (type pdf)
<use cactus/2023_tllverifybench.pdf>
Package pdftex.def Info: cactus/2023_tllverifybench.pdf  used on input line 376
.
(pdftex.def)             Requested size: 412.56496pt x 176.81602pt.

LaTeX Warning: `h' float specifier changed to `ht'.


LaTeX Warning: `h' float specifier changed to `ht'.

<cactus/2023_traffic_signs_recognition.pdf, id=85, 505.89pt x 216.81pt>
File: cactus/2023_traffic_signs_recognition.pdf Graphic file (type pdf)
<use cactus/2023_traffic_signs_recognition.pdf>
Package pdftex.def Info: cactus/2023_traffic_signs_recognition.pdf  used on inp
ut line 405.
(pdftex.def)             Requested size: 412.56496pt x 176.81602pt.

LaTeX Warning: `h' float specifier changed to `ht'.


LaTeX Warning: `h' float specifier changed to `ht'.

<cactus/2023_vggnet16.pdf, id=86, 505.89pt x 216.81pt>
File: cactus/2023_vggnet16.pdf Graphic file (type pdf)
<use cactus/2023_vggnet16.pdf>
Package pdftex.def Info: cactus/2023_vggnet16.pdf  used on input line 435.
(pdftex.def)             Requested size: 412.56496pt x 176.81602pt.

LaTeX Warning: `h' float specifier changed to `ht'.


LaTeX Warning: `h' float specifier changed to `ht'.

<cactus/2023_vit.pdf, id=87, 505.89pt x 216.81pt>
File: cactus/2023_vit.pdf Graphic file (type pdf)
<use cactus/2023_vit.pdf>
Package pdftex.def Info: cactus/2023_vit.pdf  used on input line 462.
(pdftex.def)             Requested size: 412.56496pt x 176.81602pt.

LaTeX Warning: `h' float specifier changed to `ht'.


LaTeX Warning: `h' float specifier changed to `ht'.

<cactus/2023_yolo.pdf, id=88, 505.89pt x 216.81pt>
File: cactus/2023_yolo.pdf Graphic file (type pdf)
<use cactus/2023_yolo.pdf>
Package pdftex.def Info: cactus/2023_yolo.pdf  used on input line 490.
(pdftex.def)             Requested size: 412.56496pt x 176.81602pt.

LaTeX Warning: `h' float specifier changed to `ht'.

) [3

 <./cactus/2022_nn4sys.pdf>] [4 <./cactus/2022_oval21.pdf> <./cactus/2023_acasx
u.pdf

pdfTeX warning: pdflatex (file ./cactus/2023_acasxu.pdf): PDF inclusion: multip
le pdfs with page group included in a single page
>] [5 <./cactus/2023_cctsdb_yolo.pdf>] [6 <./cactus/2023_cgan.pdf> <./cactus/20
23_collins_rul_cnn.pdf

pdfTeX warning: pdflatex (file ./cactus/2023_collins_rul_cnn.pdf): PDF inclusio
n: multiple pdfs with page group included in a single page
>] [7 <./cactus/2023_collins_yolo_robustness.pdf> <./cactus/2023_dist_shift.pdf


pdfTeX warning: pdflatex (file ./cactus/2023_dist_shift.pdf): PDF inclusion: mu
ltiple pdfs with page group included in a single page
>] [8 <./cactus/2023_metaroom.pdf> <./cactus/2023_ml4acopf.pdf

pdfTeX warning: pdflatex (file ./cactus/2023_ml4acopf.pdf): PDF inclusion: mult
iple pdfs with page group included in a single page
>] [9 <./cactus/2023_nn4sys.pdf>] [10 <./cactus/2023_test.pdf> <./cactus/2023_t
llverifybench.pdf

pdfTeX warning: pdflatex (file ./cactus/2023_tllverifybench.pdf): PDF inclusion
: multiple pdfs with page group included in a single page
>] [11 <./cactus/2023_traffic_signs_recognition.pdf> <./cactus/2023_vggnet16.pd
f

pdfTeX warning: pdflatex (file ./cactus/2023_vggnet16.pdf): PDF inclusion: mult
iple pdfs with page group included in a single page
>] [12 <./cactus/2023_vit.pdf>] [13 <./cactus/2023_yolo.pdf>] (./unscored.tex
<cactus/2022_carvana_unet_2022.pdf, id=421, 505.89pt x 216.81pt>
File: cactus/2022_carvana_unet_2022.pdf Graphic file (type pdf)
<use cactus/2022_carvana_unet_2022.pdf>
Package pdftex.def Info: cactus/2022_carvana_unet_2022.pdf  used on input line 
22.
(pdftex.def)             Requested size: 412.56496pt x 176.81602pt.
<cactus/2022_cifar100_tinyimagenet_resnet.pdf, id=422, 505.89pt x 216.81pt>
File: cactus/2022_cifar100_tinyimagenet_resnet.pdf Graphic file (type pdf)
<use cactus/2022_cifar100_tinyimagenet_resnet.pdf>
Package pdftex.def Info: cactus/2022_cifar100_tinyimagenet_resnet.pdf  used on 
input line 49.
(pdftex.def)             Requested size: 412.56496pt x 176.81602pt.


LaTeX Warning: `h' float specifier changed to `ht'.


LaTeX Warning: `h' float specifier changed to `ht'.

<cactus/2022_cifar2020.pdf, id=423, 505.89pt x 216.81pt>
File: cactus/2022_cifar2020.pdf Graphic file (type pdf)
<use cactus/2022_cifar2020.pdf>
Package pdftex.def Info: cactus/2022_cifar2020.pdf  used on input line 78.
(pdftex.def)             Requested size: 412.56496pt x 176.81602pt.

LaTeX Warning: `h' float specifier changed to `ht'.


LaTeX Warning: `h' float specifier changed to `ht'.

<cactus/2022_cifar_biasfield.pdf, id=424, 505.89pt x 216.81pt>
File: cactus/2022_cifar_biasfield.pdf Graphic file (type pdf)
<use cactus/2022_cifar_biasfield.pdf>
Package pdftex.def Info: cactus/2022_cifar_biasfield.pdf  used on input line 10
7.
(pdftex.def)             Requested size: 412.56496pt x 176.81602pt.

LaTeX Warning: `h' float specifier changed to `ht'.


LaTeX Warning: `h' float specifier changed to `ht'.

<cactus/2022_mnist_fc.pdf, id=425, 505.89pt x 216.81pt>
File: cactus/2022_mnist_fc.pdf Graphic file (type pdf)
<use cactus/2022_mnist_fc.pdf>
Package pdftex.def Info: cactus/2022_mnist_fc.pdf  used on input line 137.
(pdftex.def)             Requested size: 412.56496pt x 176.81602pt.

LaTeX Warning: `h' float specifier changed to `ht'.


LaTeX Warning: `h' float specifier changed to `ht'.

<cactus/2022_reach_prob_density.pdf, id=426, 505.89pt x 216.81pt>
File: cactus/2022_reach_prob_density.pdf Graphic file (type pdf)
<use cactus/2022_reach_prob_density.pdf>
Package pdftex.def Info: cactus/2022_reach_prob_density.pdf  used on input line
 167.
(pdftex.def)             Requested size: 412.56496pt x 176.81602pt.

LaTeX Warning: `h' float specifier changed to `ht'.


LaTeX Warning: `h' float specifier changed to `ht'.

<cactus/2022_rl_benchmarks.pdf, id=427, 505.89pt x 216.81pt>
File: cactus/2022_rl_benchmarks.pdf Graphic file (type pdf)
<use cactus/2022_rl_benchmarks.pdf>
Package pdftex.def Info: cactus/2022_rl_benchmarks.pdf  used on input line 197.

(pdftex.def)             Requested size: 412.56496pt x 176.81602pt.

LaTeX Warning: `h' float specifier changed to `ht'.


LaTeX Warning: `h' float specifier changed to `ht'.

<cactus/2022_sri_resnet_a.pdf, id=428, 505.89pt x 216.81pt>
File: cactus/2022_sri_resnet_a.pdf Graphic file (type pdf)
<use cactus/2022_sri_resnet_a.pdf>
Package pdftex.def Info: cactus/2022_sri_resnet_a.pdf  used on input line 225.
(pdftex.def)             Requested size: 412.56496pt x 176.81602pt.

LaTeX Warning: `h' float specifier changed to `ht'.


LaTeX Warning: `h' float specifier changed to `ht'.

<cactus/2022_sri_resnet_b.pdf, id=429, 505.89pt x 216.81pt>
File: cactus/2022_sri_resnet_b.pdf Graphic file (type pdf)
<use cactus/2022_sri_resnet_b.pdf>
Package pdftex.def Info: cactus/2022_sri_resnet_b.pdf  used on input line 254.
(pdftex.def)             Requested size: 412.56496pt x 176.81602pt.

LaTeX Warning: `h' float specifier changed to `ht'.


LaTeX Warning: `h' float specifier changed to `ht'.

<cactus/2022_tllverifybench.pdf, id=430, 505.89pt x 216.81pt>
File: cactus/2022_tllverifybench.pdf Graphic file (type pdf)
<use cactus/2022_tllverifybench.pdf>
Package pdftex.def Info: cactus/2022_tllverifybench.pdf  used on input line 285
.
(pdftex.def)             Requested size: 412.56496pt x 176.81602pt.

LaTeX Warning: `h' float specifier changed to `ht'.


LaTeX Warning: `h' float specifier changed to `ht'.

<cactus/2022_vggnet16_2022.pdf, id=431, 505.89pt x 216.81pt>
File: cactus/2022_vggnet16_2022.pdf Graphic file (type pdf)
<use cactus/2022_vggnet16_2022.pdf>
Package pdftex.def Info: cactus/2022_vggnet16_2022.pdf  used on input line 314.

(pdftex.def)             Requested size: 412.56496pt x 176.81602pt.

LaTeX Warning: `h' float specifier changed to `ht'.

) [14

 <./cactus/2022_carvana_unet_2022.pdf>] [15 <./cactus/2022_cifar100_tinyimagene
t_resnet.pdf> <./cactus/2022_cifar2020.pdf

pdfTeX warning: pdflatex (file ./cactus/2022_cifar2020.pdf): PDF inclusion: mul
tiple pdfs with page group included in a single page
>] [16 <./cactus/2022_cifar_biasfield.pdf>] [17 <./cactus/2022_mnist_fc.pdf> <.
/cactus/2022_reach_prob_density.pdf

pdfTeX warning: pdflatex (file ./cactus/2022_reach_prob_density.pdf): PDF inclu
sion: multiple pdfs with page group included in a single page
>] [18 <./cactus/2022_rl_benchmarks.pdf> <./cactus/2022_sri_resnet_a.pdf

pdfTeX warning: pdflatex (file ./cactus/2022_sri_resnet_a.pdf): PDF inclusion: 
multiple pdfs with page group included in a single page
>] [19 <./cactus/2022_sri_resnet_b.pdf>] [20 <./cactus/2022_tllverifybench.pdf>
 <./cactus/2022_vggnet16_2022.pdf

pdfTeX warning: pdflatex (file ./cactus/2022_vggnet16_2022.pdf): PDF inclusion:
 multiple pdfs with page group included in a single page
>] (./stats.tex

LaTeX Warning: `h' float specifier changed to `ht'.


LaTeX Warning: `h' float specifier changed to `ht'.


LaTeX Warning: `h' float specifier changed to `ht'.

) [21

] [22] (./longtable.tex [23

] [24] [25] [26] [27] [28] [29] [30] [31]
[32] [33] [34] [35] [36] [37] [38] [39] [40]) 
AED: lastpage setting LastPage
[41] (./main.aux)

LaTeX Warning: There were multiply-defined labels.

Package rerunfilecheck Info: File `main.out' has not changed.
(rerunfilecheck)             Checksum: 4E9FB237394993CAD505A7ED6D157D45;632.
Package rerunfilecheck Info: File `main.hd' has not changed.
(rerunfilecheck)             Checksum: D41D8CD98F00B204E9800998ECF8427E;0.
 ) 
Here is how much of TeX's memory you used:
 38515 strings out of 476091
 883127 string characters out of 5794081
 2103330 words of memory out of 5000000
 58153 multiletter control sequences out of 15000+600000
 521272 words of font info for 67 fonts, out of 8000000 for 9000
 1141 hyphenation exceptions out of 8191
 114i,12n,108p,722b,675s stack positions out of 10000i,1000n,20000p,200000b,200000s

pdfTeX warning (dest): name{Hfootnote.3} has been referenced but does not exist
, replaced by a fixed one


pdfTeX warning (dest): name{Hfootnote.2} has been referenced but does not exist
, replaced by a fixed one


pdfTeX warning (dest): name{Hfootnote.1} has been referenced but does not exist
, replaced by a fixed one

</usr/share/texlive/texmf-dist/fonts/type1/public/amsfonts/cm/cmbx10.pfb></usr/
share/texlive/texmf-dist/fonts/type1/public/amsfonts/cm/cmbx12.pfb></usr/share/
texlive/texmf-dist/fonts/type1/public/amsfonts/cm/cmbx7.pfb></usr/share/texlive
/texmf-dist/fonts/type1/public/amsfonts/cm/cmbx9.pfb></usr/share/texlive/texmf-
dist/fonts/type1/public/amsfonts/cm/cmcsc10.pfb></usr/share/texlive/texmf-dist/
fonts/type1/public/amsfonts/cm/cmmi10.pfb></usr/share/texlive/texmf-dist/fonts/
type1/public/amsfonts/cm/cmmi7.pfb></usr/share/texlive/texmf-dist/fonts/type1/p
ublic/amsfonts/cm/cmr10.pfb></usr/share/texlive/texmf-dist/fonts/type1/public/a
msfonts/cm/cmr12.pfb></usr/share/texlive/texmf-dist/fonts/type1/public/amsfonts
/cm/cmr17.pfb></usr/share/texlive/texmf-dist/fonts/type1/public/amsfonts/cm/cmr
7.pfb></usr/share/texlive/texmf-dist/fonts/type1/public/amsfonts/cm/cmr8.pfb></
usr/share/texlive/texmf-dist/fonts/type1/public/amsfonts/cm/cmr9.pfb></usr/shar
e/texlive/texmf-dist/fonts/type1/public/amsfonts/cm/cmsy6.pfb></usr/share/texli
ve/texmf-dist/fonts/type1/public/amsfonts/cm/cmsy8.pfb></usr/share/texlive/texm
f-dist/fonts/type1/public/amsfonts/cm/cmtt10.pfb></usr/share/texlive/texmf-dist
/fonts/type1/public/amsfonts/cm/cmtt8.pfb></usr/share/texlive/texmf-dist/fonts/
type1/urw/zapfding/uzdr.pfb>
Output written on main.pdf (41 pages, 619713 bytes).
PDF statistics:
 851 PDF objects out of 1000 (max. 8388607)
 620 compressed objects within 7 object streams
 115 named destinations out of 1000 (max. 500000)
 198 words of extra memory for PDF output out of 10000 (max. 10000000)

